<?xml version="1.0" encoding="UTF-8"?>
<sensitivity-zones>
    <sensitivity-zone id="ENGLAND" name="England" type="Country" layerId="cl28" pids="252" />
    <sensitivity-zone id="SCOTLAND" name="Scotland" type="Country" layerId="cl28" pids="252" />
</sensitivity-zones>