<?xml version="1.0" encoding="UTF-8"?>
<sensitiveSpeciesList>
    <sensitiveSpecies name="Hericium cirrhatum" family="Hericiaceae" guid="BMSSYS0000008012" rank="SPECIES" commonName="">
        <instances>
            <conservationInstance authority="Natural England" generalisation="10km" zone="England" />
        </instances>
    </sensitiveSpecies>
    <sensitiveSpecies name="Lutra lutra" family="Mustelidae" guid="NBNSYS0000005133" rank="SPECIES" commonName="">
        <instances>
            <conservationInstance authority="Natural England" generalisation="10km" zone="Scotland" />
        </instances>
    </sensitiveSpecies>
    <sensitiveSpecies name="Diuris disposita" family="Diuris" guid="urn:lsid:biodiversity.org.au:apni.taxon:167966" rank="SPECIES" commonName="">
        <instances>
            <conservationInstance authority="Natural NSW" generalisation="WITHHOLD" zone="New South Wales" />
        </instances>
    </sensitiveSpecies>
</sensitiveSpeciesList>